<?xml version="1.0" encoding="UTF-8"?>
<!-- Generated by org.testng.reporters.JUnitReportReporter -->
<testsuite hostname="LAPTOP-Q02S9RB3" failures="0" tests="1" name="runner.TestRunner" time="220.144" errors="0" timestamp="30 Oct 2022 16:32:48 GMT">
  <testcase classname="runner.TestRunner" name="feature" time="220.144"/>
</testsuite> <!-- runner.TestRunner -->
